number,value,datetime_start,datetime_complete,duration,params_colsample_bytree,params_gamma,params_learning_rate,params_max_depth,params_min_child_weight,params_reg_alpha,params_reg_lambda,params_subsample,user_attrs_best_iter,system_attrs_tpe:relative_params:0,state
0,0.3041847895017589,2026-10-05 02:02:50.727084,2026-10-05 02:03:06.926962,0 days 00:00:16.199878,0.4936111842654619,1.599409170128044,0.047377279007281566,10,17.524101118128137,0.0017073967431528124,0.004993515273965262,0.7993292420985183,70,,COMPLETE
1,0.3028643886032236,2026-10-05 02:03:06.927034,2026-10-05 02:03:18.512867,0 days 00:00:11.585833,0.899465584480253,0.004768785415482609,0.0798261175712336,8,1.0838581269344745,0.005337032762603957,0.00892622738184373,0.9849549260809971,49,,COMPLETE
2,0.3051890612245057,2026-10-05 02:03:18.512989,2026-10-05 02:03:43.289151,0 days 00:00:24.776162,0.7671117368334277,0.022654864504851786,0.04029695576831731,7,5.4182823195332395,0.01474275315991467,0.004212412845262044,0.645614570099021,155,,COMPLETE
3,0.30243839614040463,2026-10-05 02:03:43.289229,2026-10-05 02:03:58.676603,0 days 00:00:15.387374,0.7554487413172255,0.0042733023193754,0.057161021316138726,9,2.1839352923182975,0.26926469100861794,0.0016142252267366923,0.7571172192068059,52,,COMPLETE
4,0.30828780104839115,2026-10-05 02:03:58.676671,2026-10-05 02:04:26.470824,0 days 00:00:27.794153,0.5827682615040224,0.042472797953697176,0.023231731978492907,10,43.70990468130503,0.5456725485601477,0.002737095165771331,0.9041986740582306,164,,COMPLETE
5,0.3094991334420858,2026-10-05 02:04:26.470939,2026-10-05 02:04:50.419086,0 days 00:00:23.948147,0.5552679889600102,0.08389112347840598,0.0264891626801987,7,1.1439974749291268,0.017654048052495083,0.925108350221417,0.954660201039391,207,,COMPLETE
6,0.30718314314762724,2026-10-05 02:04:50.419162,2026-10-05 02:05:06.290674,0 days 00:00:15.871512,0.9636993649385135,2.570307853015558,0.07042717610935736,5,44.39102767051397,0.24637685958997463,10.144964926243938,0.8875664116805573,177,,COMPLETE
7,0.3120228133419987,2026-10-05 02:05:06.290736,2026-10-05 02:05:47.083551,0 days 00:00:40.792815,0.6332063738136893,0.020874681332882276,0.024520114718375053,5,1.1935477742481382,2.0651425578959257,0.016400705022266843,0.6626651653816322,532,,COMPLETE
8,0.3122674065304517,2026-10-05 02:05:47.083651,2026-10-05 02:06:11.331712,0 days 00:00:24.248061,0.44473038620786254,0.005433045540798127,0.03819130560209075,7,1.7355056469855072,1.2273800987852967,26.20670861087006,0.9010984903770198,222,,COMPLETE
9,0.30994800416164053,2026-10-05 02:06:11.331782,2026-10-05 02:06:45.106780,0 days 00:00:33.774998,0.8627622080115674,0.002682848665467022,0.020255926514662966,9,15.882886211970037,0.02715581955282941,0.002145393122543948,0.8645035840204937,205,,COMPLETE
10,0.31148372123812434,2026-10-05 02:06:45.106845,2026-10-05 02:07:03.332162,0 days 00:00:18.225317,0.632341977641597,0.014905717912965542,0.07647933683800136,5,3.0398603648132294,1.0582191334148763,10.129777946410744,0.8504438359988492,208,"{""colsample_bytree"": 0.632341977641597, ""gamma"": 0.014905717912965542, ""learning_rate"": 0.07647933683800136, ""max_depth"": 5, ""min_child_weight"": 3.0398603648132294, ""reg_alpha"": 1.0582191334148763, ""reg_lambda"": 10.129777946410744, ""subsample"": 0.8504438359988492}",COMPLETE
11,0.30963274562274007,2026-10-05 02:07:03.332250,2026-10-05 02:07:28.683459,0 days 00:00:25.351209,0.6818190160868964,0.013702257478854602,0.03268281227475223,5,1.1049348486567865,4.016249407369133,0.10956631503751935,0.6896716499489797,300,"{""colsample_bytree"": 0.6818190160868964, ""gamma"": 0.013702257478854602, ""learning_rate"": 0.03268281227475223, ""max_depth"": 5, ""min_child_weight"": 1.1049348486567865, ""reg_alpha"": 4.016249407369133, ""reg_lambda"": 0.10956631503751935, ""subsample"": 0.6896716499489797}",COMPLETE
12,0.30638252173695163,2026-10-05 02:07:28.683520,2026-10-05 02:07:50.733301,0 days 00:00:22.049781,0.6874716526325255,0.00841267116395114,0.029618143290477055,8,2.5641267077034176,0.43058635565439374,0.02966622396328636,0.9106226522509188,135,"{""colsample_bytree"": 0.6874716526325255, ""gamma"": 0.00841267116395114, ""learning_rate"": 0.029618143290477055, ""max_depth"": 8, ""min_child_weight"": 2.5641267077034176, ""reg_alpha"": 0.43058635565439374, ""reg_lambda"": 0.02966622396328636, ""subsample"": 0.9106226522509188}",COMPLETE
13,0.31136888746679536,2026-10-05 02:07:50.733361,2026-10-05 02:08:10.277752,0 days 00:00:19.544391,0.4795443967869167,0.003242666348076254,0.04334125764112386,7,1.2409794820617606,5.186395592073025,0.22524839524554524,0.7236447612020263,144,"{""colsample_bytree"": 0.4795443967869167, ""gamma"": 0.003242666348076254, ""learning_rate"": 0.04334125764112386, ""max_depth"": 7, ""min_child_weight"": 1.2409794820617606, ""reg_alpha"": 5.186395592073025, ""reg_lambda"": 0.22524839524554524, ""subsample"": 0.7236447612020263}",COMPLETE
14,0.30728180806736444,2026-10-05 02:08:10.277829,2026-10-05 02:09:02.247988,0 days 00:00:51.970159,0.6204498150758546,0.04978300537803366,0.023602977113146198,6,1.2976253066700891,7.453823786116977,5.085713278935469,0.5207921319001421,453,"{""colsample_bytree"": 0.6204498150758546, ""gamma"": 0.04978300537803366, ""learning_rate"": 0.023602977113146198, ""max_depth"": 6, ""min_child_weight"": 1.2976253066700891, ""reg_alpha"": 7.453823786116977, ""reg_lambda"": 5.085713278935469, ""subsample"": 0.5207921319001421}",COMPLETE
15,0.31427790356034024,2026-10-05 02:09:02.248100,2026-10-05 02:09:33.512764,0 days 00:00:31.264664,0.4259810863699481,0.05500888808638414,0.026839124522992936,6,1.365564128515874,4.328181242524119,0.049776673308504875,0.7379463693268378,339,"{""colsample_bytree"": 0.4259810863699481, ""gamma"": 0.05500888808638414, ""learning_rate"": 0.026839124522992936, ""max_depth"": 6, ""min_child_weight"": 1.365564128515874, ""reg_alpha"": 4.328181242524119, ""reg_lambda"": 0.049776673308504875, ""subsample"": 0.7379463693268378}",COMPLETE
16,0.31116747363345193,2026-10-05 02:09:33.512837,2026-10-05 02:09:58.464136,0 days 00:00:24.951299,0.44291152463536715,0.1009098040936665,0.030357225454347145,7,1.086844559390106,1.8151722627567608,1.1932886734179577,0.8772782275022584,221,"{""colsample_bytree"": 0.44291152463536715, ""gamma"": 0.1009098040936665, ""learning_rate"": 0.030357225454347145, ""max_depth"": 7, ""min_child_weight"": 1.086844559390106, ""reg_alpha"": 1.8151722627567608, ""reg_lambda"": 1.1932886734179577, ""subsample"": 0.8772782275022584}",COMPLETE
17,0.3175395344263583,2026-10-05 02:09:58.464209,2026-10-05 02:10:27.951322,0 days 00:00:29.487113,0.44552485775859,0.07425430687754811,0.028912918567412516,6,1.6003598271232824,0.6014192604147177,0.19176497444102433,0.5761180575834617,303,"{""colsample_bytree"": 0.44552485775859, ""gamma"": 0.07425430687754811, ""learning_rate"": 0.028912918567412516, ""max_depth"": 6, ""min_child_weight"": 1.6003598271232824, ""reg_alpha"": 0.6014192604147177, ""reg_lambda"": 0.19176497444102433, ""subsample"": 0.5761180575834617}",COMPLETE
18,0.31257405531126314,2026-10-05 02:10:27.951384,2026-10-05 02:11:02.962424,0 days 00:00:35.011040,0.5082452398662903,0.1695027917485099,0.024603896006056062,6,4.10266473352629,1.1664955867434357,0.9478596111409895,0.6871157661247054,390,"{""colsample_bytree"": 0.5082452398662903, ""gamma"": 0.1695027917485099, ""learning_rate"": 0.024603896006056062, ""max_depth"": 6, ""min_child_weight"": 4.10266473352629, ""reg_alpha"": 1.1664955867434357, ""reg_lambda"": 0.9478596111409895, ""subsample"": 0.6871157661247054}",COMPLETE
19,0.30953343465969174,2026-10-05 02:11:02.962527,2026-10-05 02:11:45.426909,0 days 00:00:42.464382,0.40586365819983744,0.2896679505758214,0.020570305491936895,6,1.426347737396166,1.8846417964176851,0.5004000549444023,0.55408082509372,455,"{""colsample_bytree"": 0.40586365819983744, ""gamma"": 0.2896679505758214, ""learning_rate"": 0.020570305491936895, ""max_depth"": 6, ""min_child_weight"": 1.426347737396166, ""reg_alpha"": 1.8846417964176851, ""reg_lambda"": 0.5004000549444023, ""subsample"": 0.55408082509372}",COMPLETE
