number,value,datetime_start,datetime_complete,duration,params_colsample_bytree,params_learning_rate,params_min_child_samples,params_num_leaves,params_reg_alpha,params_reg_lambda,params_subsample,user_attrs_best_iter,system_attrs_tpe:relative_params:0,state
0,0.3133550209289626,2026-10-05 01:59:49.984617,2026-10-05 01:59:59.728558,0 days 00:00:09.743941,0.4936111842654619,0.0425378509573798,178,230,0.0017073967431528124,0.004993515273965262,0.7993292420985183,48,,COMPLETE
1,0.30783622484798395,2026-10-05 01:59:59.728694,2026-10-05 02:00:06.651381,0 days 00:00:06.922687,0.9819459112971965,0.11454791487656053,166,109,0.0070689749506246055,5.332693713874536,0.5102922471479012,16,,COMPLETE
2,0.31265473844518066,2026-10-05 02:00:06.651471,2026-10-05 02:00:18.907439,0 days 00:00:12.255968,0.6591670111852694,0.028849479442089675,49,45,0.2801635158716261,0.02013113093617532,0.762378215816119,166,,COMPLETE
3,0.3111216240674156,2026-10-05 02:00:18.907512,2026-10-05 02:00:32.270054,0 days 00:00:13.362542,0.8711055768358081,0.02649083634077794,59,57,0.11400863701127326,0.007833642249746978,0.728034992108518,147,,COMPLETE
4,0.30524759893736275,2026-10-05 02:00:32.270136,2026-10-05 02:00:37.060765,0 days 00:00:04.790629,0.43903095579116774,0.06598254106850841,122,34,7.2866537374910445,17.71232641685747,0.5852620618436457,77,,COMPLETE
5,0.30267854448374515,2026-10-05 02:00:37.060828,2026-10-05 02:00:40.649460,0 days 00:00:03.588632,0.6640914962437607,0.10195938340531947,26,58,0.09565499215943825,0.0035186816415472676,0.8421165132560784,30,,COMPLETE
6,0.30966582850907903,2026-10-05 02:00:40.649538,2026-10-05 02:00:53.710735,0 days 00:00:13.061197,0.5870266456536466,0.02143492944833733,43,211,0.1537592023548176,0.21301372721189435,0.831261142176991,92,,COMPLETE
7,0.3057288479603341,2026-10-05 02:00:53.710809,2026-10-05 02:01:08.302733,0 days 00:00:14.591924,0.9368964102565893,0.02902611884153732,203,240,4.869640941520899,0.475193731827956,0.9697494707820946,76,,COMPLETE
8,0.3112763498330626,2026-10-05 02:01:08.302815,2026-10-05 02:01:19.370158,0 days 00:00:11.067343,0.6332063738136893,0.02390376751759948,22,46,2.0651425578959257,0.016400705022266843,0.6626651653816322,189,,COMPLETE
9,0.3081880711080574,2026-10-05 02:01:19.370237,2026-10-05 02:01:26.364709,0 days 00:00:06.994472,0.8813181884524238,0.041040345896217585,101,55,8.862326508576253,0.0021566132610808877,0.5704621124873813,80,,COMPLETE
10,0.3093908499126176,2026-10-05 02:01:26.364791,2026-10-05 02:01:37.811606,0 days 00:00:11.446815,0.4417518612853426,0.02417743032556714,259,207,0.001071986404071491,0.004805407603232507,0.842154940467273,94,"{""colsample_bytree"": 0.4417518612853426, ""learning_rate"": 0.02417743032556714, ""min_child_samples"": 259, ""num_leaves"": 207, ""reg_alpha"": 0.001071986404071491, ""reg_lambda"": 0.004805407603232507, ""subsample"": 0.842154940467273}",COMPLETE
11,0.30598453779366247,2026-10-05 02:01:37.811670,2026-10-05 02:01:45.889634,0 days 00:00:08.077964,0.5980317058466591,0.03554695847420679,174,112,0.2014045483136035,0.02335485956654983,0.8470289792373629,74,"{""colsample_bytree"": 0.5980317058466591, ""learning_rate"": 0.03554695847420679, ""min_child_samples"": 174, ""num_leaves"": 112, ""reg_alpha"": 0.2014045483136035, ""reg_lambda"": 0.02335485956654983, ""subsample"": 0.8470289792373629}",COMPLETE
12,0.30957796547399835,2026-10-05 02:01:45.889703,2026-10-05 02:01:53.616904,0 days 00:00:07.727201,0.5086089915312689,0.04044986123029753,33,152,0.6050306468611685,0.013281713052114556,0.7611662639295392,53,"{""colsample_bytree"": 0.5086089915312689, ""learning_rate"": 0.04044986123029753, ""min_child_samples"": 33, ""num_leaves"": 152, ""reg_alpha"": 0.6050306468611685, ""reg_lambda"": 0.013281713052114556, ""subsample"": 0.7611662639295392}",COMPLETE
13,0.30674835751450374,2026-10-05 02:01:53.617027,2026-10-05 02:02:02.202803,0 days 00:00:08.585776,0.5968652845058001,0.045937799566459915,87,226,0.005094863442236849,0.02937087286328775,0.8276505494128328,40,"{""colsample_bytree"": 0.5968652845058001, ""learning_rate"": 0.045937799566459915, ""min_child_samples"": 87, ""num_leaves"": 226, ""reg_alpha"": 0.005094863442236849, ""reg_lambda"": 0.02937087286328775, ""subsample"": 0.8276505494128328}",COMPLETE
14,0.312331531668834,2026-10-05 02:02:02.202878,2026-10-05 02:02:11.557845,0 days 00:00:09.354967,0.7693423969219746,0.03148765258465636,56,34,0.003177294647663124,0.003939323476019984,0.8217860113860863,183,"{""colsample_bytree"": 0.7693423969219746, ""learning_rate"": 0.03148765258465636, ""min_child_samples"": 56, ""num_leaves"": 34, ""reg_alpha"": 0.003177294647663124, ""reg_lambda"": 0.003939323476019984, ""subsample"": 0.8217860113860863}",COMPLETE
15,0.3112749687226769,2026-10-05 02:02:11.557917,2026-10-05 02:02:18.917477,0 days 00:00:07.359560,0.44453092254708126,0.03468215249914034,161,68,0.030116045309701803,0.15758818518053835,0.7458482371120537,110,"{""colsample_bytree"": 0.44453092254708126, ""learning_rate"": 0.03468215249914034, ""min_child_samples"": 161, ""num_leaves"": 68, ""reg_alpha"": 0.030116045309701803, ""reg_lambda"": 0.15758818518053835, ""subsample"": 0.7458482371120537}",COMPLETE
16,0.30921865846656377,2026-10-05 02:02:18.917541,2026-10-05 02:02:28.355778,0 days 00:00:09.438237,0.7424927228978053,0.031127109820606697,97,34,0.2273539927323617,0.11206469730574398,0.7772692505792124,171,"{""colsample_bytree"": 0.7424927228978053, ""learning_rate"": 0.031127109820606697, ""min_child_samples"": 97, ""num_leaves"": 34, ""reg_alpha"": 0.2273539927323617, ""reg_lambda"": 0.11206469730574398, ""subsample"": 0.7772692505792124}",COMPLETE
17,0.3079680251186161,2026-10-05 02:02:28.355853,2026-10-05 02:02:33.938285,0 days 00:00:05.582432,0.5009792925226724,0.07533521267957269,181,146,0.0021496726477787526,0.007310184350654408,0.8036442059607729,27,"{""colsample_bytree"": 0.5009792925226724, ""learning_rate"": 0.07533521267957269, ""min_child_samples"": 181, ""num_leaves"": 146, ""reg_alpha"": 0.0021496726477787526, ""reg_lambda"": 0.007310184350654408, ""subsample"": 0.8036442059607729}",COMPLETE
18,0.30740581174453174,2026-10-05 02:02:33.938357,2026-10-05 02:02:40.167535,0 days 00:00:06.229178,0.5690488741554998,0.037248714338362424,135,71,0.007072622678328477,0.015439077949652612,0.6412814346859558,77,"{""colsample_bytree"": 0.5690488741554998, ""learning_rate"": 0.037248714338362424, ""min_child_samples"": 135, ""num_leaves"": 71, ""reg_alpha"": 0.007072622678328477, ""reg_lambda"": 0.015439077949652612, ""subsample"": 0.6412814346859558}",COMPLETE
19,0.30583973434706696,2026-10-05 02:02:40.167618,2026-10-05 02:02:50.681802,0 days 00:00:10.514184,0.6621082651097109,0.024997589422304674,93,130,0.0028567984078037376,0.007404354784252011,0.8596302142089058,94,"{""colsample_bytree"": 0.6621082651097109, ""learning_rate"": 0.024997589422304674, ""min_child_samples"": 93, ""num_leaves"": 130, ""reg_alpha"": 0.0028567984078037376, ""reg_lambda"": 0.007404354784252011, ""subsample"": 0.8596302142089058}",COMPLETE
